0 info it worked if it ends with ok
1 verbose cli [ 'E:\\nodejs\\node.exe',
1 verbose cli   'E:\\nodejs\\node_modules\\npm\\bin\\npm-cli.js',
1 verbose cli   'start' ]
2 info using npm@3.10.10
3 info using node@v6.11.5
4 verbose run-script [ 'prestart', 'start', 'poststart' ]
5 info lifecycle nodeblog@0.0.1~prestart: nodeblog@0.0.1
6 silly lifecycle nodeblog@0.0.1~prestart: no script for prestart, continuing
7 info lifecycle nodeblog@0.0.1~start: nodeblog@0.0.1
8 verbose lifecycle nodeblog@0.0.1~start: unsafe-perm in lifecycle true
9 verbose lifecycle nodeblog@0.0.1~start: PATH: E:\nodejs\node_modules\npm\bin\node-gyp-bin;C:\Users\Administrator\Desktop\nodeblog\node_modules\.bin;C:\Windows\system32;C:\Windows;C:\Windows\System32\Wbem;C:\Windows\System32\WindowsPowerShell\v1.0\;e:\Program Files\Git\cmd;E:\nodejs\;C:\Users\Administrator\AppData\Roaming\npm
10 verbose lifecycle nodeblog@0.0.1~start: CWD: C:\Users\Administrator\Desktop\nodeblog
11 silly lifecycle nodeblog@0.0.1~start: Args: [ '/d /s /c', 'node app.js' ]
12 silly lifecycle nodeblog@0.0.1~start: Returned: code: 3221225786  signal: null
13 info lifecycle nodeblog@0.0.1~start: Failed to exec start script
14 verbose stack Error: nodeblog@0.0.1 start: `node app.js`
14 verbose stack Exit status 3221225786
14 verbose stack     at EventEmitter.<anonymous> (E:\nodejs\node_modules\npm\lib\utils\lifecycle.js:255:16)
14 verbose stack     at emitTwo (events.js:106:13)
14 verbose stack     at EventEmitter.emit (events.js:191:7)
14 verbose stack     at ChildProcess.<anonymous> (E:\nodejs\node_modules\npm\lib\utils\spawn.js:40:14)
14 verbose stack     at emitTwo (events.js:106:13)
14 verbose stack     at ChildProcess.emit (events.js:191:7)
14 verbose stack     at maybeClose (internal/child_process.js:920:16)
14 verbose stack     at Process.ChildProcess._handle.onexit (internal/child_process.js:230:5)
15 verbose pkgid nodeblog@0.0.1
16 verbose cwd C:\Users\Administrator\Desktop\nodeblog
17 error Windows_NT 6.1.7601
18 error argv "E:\\nodejs\\node.exe" "E:\\nodejs\\node_modules\\npm\\bin\\npm-cli.js" "start"
19 error node v6.11.5
20 error npm  v3.10.10
21 error code ELIFECYCLE
22 error nodeblog@0.0.1 start: `node app.js`
22 error Exit status 3221225786
23 error Failed at the nodeblog@0.0.1 start script 'node app.js'.
23 error Make sure you have the latest version of node.js and npm installed.
23 error If you do, this is most likely a problem with the nodeblog package,
23 error not with npm itself.
23 error Tell the author that this fails on your system:
23 error     node app.js
23 error You can get information on how to open an issue for this project with:
23 error     npm bugs nodeblog
23 error Or if that isn't available, you can get their info via:
23 error     npm owner ls nodeblog
23 error There is likely additional logging output above.
24 verbose exit [ 1, true ]
